
       __           __      __  __                 _             __         
      / /___ ______/ /__   / /_/ /_  ___     _____(_)___  ____  / /__  _____
 __  / / __ `/ ___/ //_/  / __/ __ \/ _ \   / ___/ / __ \/ __ \/ / _ \/ ___/
/ /_/ / /_/ / /__/ ,<    / /_/ / / /  __/  / /  / / /_/ / /_/ / /  __/ /    
\____/\__,_/\___/_/|_|   \__/_/ /_/\___/  /_/  /_/ .___/ .___/_/\___/_/     
                                                /_/   /_/
Arbitrage opportunity
product 1.0042735042735045
Found profitable cycle: [ULT CNY]
DATE 2019-11-22 13:14:37.946821 +0000 GMT m=+602.572932374
====================================================================================
ULT -> CNY 5.341880341880342 OfferCreate Hash: F37FFA88A671DDB248F0D7F667ABA88821869670EB8854C659CFE888EE848205 Volume: 3381.642512076592
CNY -> ULT 0.188 OfferCreate Hash: 274FE0B0C2770E380E32F1E129351708A93BDAF769EA39FFC364F911E76020F7 Volume: 8464.083610077976
====================================================================================



Arbitrage opportunity
product 1.0022327876571404
Found profitable cycle: [USD XRP]
DATE 2019-11-22 13:39:18.036328 +0000 GMT m=+2067.460193862
====================================================================================
USD -> XRP 2.329997499704997e-07 OfferCreate Hash: DF99703D08DBB1CE96D19ABD3E0250F64266CD7D92822DB1EC8EACB865EFFE27 Volume: 0.01146615069579826
XRP -> USD 4.301432889022559e+06 OfferCreate Hash: D0271EA2D60A9F430F9A870E869470E384D25DB1650DCABD4AC69E3EE9F16DD9 Volume: 1e+08
====================================================================================




Arbitrage opportunity
product 1.0171104359894882
Found profitable cycle: [USD XRP]
DATE 2019-11-22 12:39:18.036328 +0000 GMT m=+493.4729230
====================================================================================
USD -> XRP 2.3541934853676813e-07 OfferCreate Hash: 24F72CB27058D203E458DA0DCB1244C77A249D0E75AE23768F2D7F12EE89B149 Volume: 3.101806
USD -> XRP 2.3477e-07 OfferCreate Hash: B5DBA72836452690EC925CAD49E570DEC1CE0DEFE78311F6143FD7A853CD3FB0 Volume: 10695.88643
XRP -> USD 4.320419890341488e+06 OfferCreate Hash: 575E21BC4785F5D0D78C869FA6730839DCAEE951F26B35E87D7685C028B5F38B Volume: 100
XRP -> USD 4.316108094043742e+06 OfferCreate Hash: 61C9A68920E49514977C80A431A862176B251CAFF31959EECDE4B1452C20A96B Volume: 100
====================================================================================